0 info it worked if it ends with ok
1 verbose cli [ '/usr/local/bin/node',
1 verbose cli   '/usr/local/bin/npm',
1 verbose cli   'i',
1 verbose cli   '@swimlane/ngx-charts',
1 verbose cli   '--save' ]
2 info using npm@4.0.5
3 info using node@v7.4.0
4 verbose config Skipping project config: /home/dpineda/.npmrc. (matches userconfig)
5 silly loadCurrentTree Starting
6 silly install loadCurrentTree
7 silly install readLocalPackageData
8 silly fetchPackageMetaData @swimlane/ngx-charts
9 silly fetchNamedPackageData @swimlane/ngx-charts
10 silly mapToRegistry name @swimlane/ngx-charts
11 silly mapToRegistry scope (from package name) @swimlane
12 verbose mapToRegistry no registry URL found in name for scope @swimlane
13 silly mapToRegistry using default registry
14 silly mapToRegistry registry https://registry.npmjs.org/
15 silly mapToRegistry data Result {
15 silly mapToRegistry   raw: '@swimlane/ngx-charts',
15 silly mapToRegistry   scope: '@swimlane',
15 silly mapToRegistry   escapedName: '@swimlane%2fngx-charts',
15 silly mapToRegistry   name: '@swimlane/ngx-charts',
15 silly mapToRegistry   rawSpec: '',
15 silly mapToRegistry   spec: 'latest',
15 silly mapToRegistry   type: 'tag' }
16 silly mapToRegistry uri https://registry.npmjs.org/@swimlane%2fngx-charts
17 verbose request uri https://registry.npmjs.org/@swimlane%2fngx-charts
18 verbose request no auth needed
19 info attempt registry request try #1 at 1:59:01 PM
20 verbose request id 25df61d48832a880
21 http request GET https://registry.npmjs.org/@swimlane%2fngx-charts
22 http 200 https://registry.npmjs.org/@swimlane%2fngx-charts
23 verbose headers { 'content-type': 'application/json',
23 verbose headers   server: 'nginx/1.10.1',
23 verbose headers   'last-modified': 'Tue, 04 Jul 2017 20:07:02 GMT',
23 verbose headers   etag: 'W/"595bf566-262ed"',
23 verbose headers   'content-encoding': 'gzip',
23 verbose headers   'cache-control': 'max-age=0',
23 verbose headers   'transfer-encoding': 'chunked',
23 verbose headers   'accept-ranges': 'bytes',
23 verbose headers   date: 'Wed, 12 Jul 2017 18:02:34 GMT',
23 verbose headers   via: '1.1 varnish',
23 verbose headers   age: '0',
23 verbose headers   connection: 'keep-alive',
23 verbose headers   'x-served-by': 'cache-atl6242-ATL',
23 verbose headers   'x-cache': 'MISS',
23 verbose headers   'x-cache-hits': '0',
23 verbose headers   'x-timer': 'S1499882554.250731,VS0,VE445',
23 verbose headers   vary: 'Accept-Encoding' }
24 silly get cb [ 200,
24 silly get   { 'content-type': 'application/json',
24 silly get     server: 'nginx/1.10.1',
24 silly get     'last-modified': 'Tue, 04 Jul 2017 20:07:02 GMT',
24 silly get     etag: 'W/"595bf566-262ed"',
24 silly get     'content-encoding': 'gzip',
24 silly get     'cache-control': 'max-age=0',
24 silly get     'transfer-encoding': 'chunked',
24 silly get     'accept-ranges': 'bytes',
24 silly get     date: 'Wed, 12 Jul 2017 18:02:34 GMT',
24 silly get     via: '1.1 varnish',
24 silly get     age: '0',
24 silly get     connection: 'keep-alive',
24 silly get     'x-served-by': 'cache-atl6242-ATL',
24 silly get     'x-cache': 'MISS',
24 silly get     'x-cache-hits': '0',
24 silly get     'x-timer': 'S1499882554.250731,VS0,VE445',
24 silly get     vary: 'Accept-Encoding' } ]
25 verbose get saving @swimlane/ngx-charts to /home/dpineda/.npm/registry.npmjs.org/_40swimlane_252fngx-charts/.cache.json
26 verbose correctMkdir /home/dpineda/.npm correctMkdir not in flight; initializing
27 silly install normalizeTree
28 silly loadCurrentTree Finishing
29 silly loadIdealTree Starting
30 silly install loadIdealTree
31 silly cloneCurrentTree Starting
32 silly install cloneCurrentTreeToIdealTree
33 silly cloneCurrentTree Finishing
34 silly loadShrinkwrap Starting
35 silly install loadShrinkwrap
36 silly loadShrinkwrap Finishing
37 silly loadAllDepsIntoIdealTree Starting
38 silly install loadAllDepsIntoIdealTree
39 silly resolveWithNewModule @swimlane/ngx-charts@6.0.0 checking installable status
40 silly cache add args [ '@swimlane/ngx-charts', null ]
41 verbose cache add spec @swimlane/ngx-charts
42 silly cache add parsed spec Result {
42 silly cache add   raw: '@swimlane/ngx-charts',
42 silly cache add   scope: '@swimlane',
42 silly cache add   escapedName: '@swimlane%2fngx-charts',
42 silly cache add   name: '@swimlane/ngx-charts',
42 silly cache add   rawSpec: '',
42 silly cache add   spec: 'latest',
42 silly cache add   type: 'tag' }
43 silly addNamed @swimlane/ngx-charts@latest
44 verbose addNamed "latest" is being treated as a dist-tag for @swimlane/ngx-charts
45 info addNameTag [ '@swimlane/ngx-charts', 'latest' ]
46 silly mapToRegistry name @swimlane/ngx-charts
47 silly mapToRegistry scope (from package name) @swimlane
48 verbose mapToRegistry no registry URL found in name for scope @swimlane
49 silly mapToRegistry using default registry
50 silly mapToRegistry registry https://registry.npmjs.org/
51 silly mapToRegistry data Result {
51 silly mapToRegistry   raw: '@swimlane/ngx-charts',
51 silly mapToRegistry   scope: '@swimlane',
51 silly mapToRegistry   escapedName: '@swimlane%2fngx-charts',
51 silly mapToRegistry   name: '@swimlane/ngx-charts',
51 silly mapToRegistry   rawSpec: '',
51 silly mapToRegistry   spec: 'latest',
51 silly mapToRegistry   type: 'tag' }
52 silly mapToRegistry uri https://registry.npmjs.org/@swimlane%2fngx-charts
53 verbose addNameTag registry:https://registry.npmjs.org/@swimlane%2fngx-charts not in flight; fetching
54 verbose get https://registry.npmjs.org/@swimlane%2fngx-charts not expired, no request
55 silly addNameTag next cb for @swimlane/ngx-charts with tag latest
56 silly addNamed @swimlane/ngx-charts@6.0.0
57 verbose addNamed "6.0.0" is a plain semver version for @swimlane/ngx-charts
58 silly mapToRegistry name @swimlane/ngx-charts
59 silly mapToRegistry scope (from package name) @swimlane
60 verbose mapToRegistry no registry URL found in name for scope @swimlane
61 silly mapToRegistry using default registry
62 silly mapToRegistry registry https://registry.npmjs.org/
63 silly mapToRegistry data Result {
63 silly mapToRegistry   raw: '@swimlane/ngx-charts',
63 silly mapToRegistry   scope: '@swimlane',
63 silly mapToRegistry   escapedName: '@swimlane%2fngx-charts',
63 silly mapToRegistry   name: '@swimlane/ngx-charts',
63 silly mapToRegistry   rawSpec: '',
63 silly mapToRegistry   spec: 'latest',
63 silly mapToRegistry   type: 'tag' }
64 silly mapToRegistry uri https://registry.npmjs.org/@swimlane%2fngx-charts
65 verbose addRemoteTarball https://registry.npmjs.org/@swimlane/ngx-charts/-/ngx-charts-6.0.0.tgz not in flight; adding
66 verbose addRemoteTarball [ 'https://registry.npmjs.org/@swimlane/ngx-charts/-/ngx-charts-6.0.0.tgz',
66 verbose addRemoteTarball   'c7344b6665836239106badc9e28b001123af2be3' ]
67 info retry fetch attempt 1 at 1:59:02 PM
68 info attempt registry request try #1 at 1:59:02 PM
69 http fetch GET https://registry.npmjs.org/@swimlane/ngx-charts/-/ngx-charts-6.0.0.tgz
70 http fetch 200 https://registry.npmjs.org/@swimlane/ngx-charts/-/ngx-charts-6.0.0.tgz
71 silly fetchAndShaCheck shasum c7344b6665836239106badc9e28b001123af2be3
72 verbose addTmpTarball /tmp/npm-1551-7dc0c45e/registry.npmjs.org/_40swimlane/ngx-charts/-/ngx-charts-6.0.0.tgz not in flight; adding
73 verbose addTmpTarball already have metadata; skipping unpack for @swimlane/ngx-charts@6.0.0
74 verbose correctMkdir /home/dpineda/.npm correctMkdir not in flight; initializing
75 silly cache afterAdd @swimlane/ngx-charts@6.0.0
76 verbose afterAdd /home/dpineda/.npm/@swimlane/ngx-charts/6.0.0/package/package.json not in flight; writing
77 verbose correctMkdir /home/dpineda/.npm correctMkdir not in flight; initializing
78 verbose afterAdd /home/dpineda/.npm/@swimlane/ngx-charts/6.0.0/package/package.json written
79 silly loadAllDepsIntoIdealTree Finishing
80 silly loadIdealTree Finishing
81 silly currentTree dpineda
81 silly currentTree ├── ng2-django-channels-data-binding@0.1.0
81 silly currentTree ├── ng2-django-channels-demultiplexing@0.1.0
81 silly currentTree └── term@0.0.2
82 silly idealTree dpineda
82 silly idealTree ├── @swimlane/ngx-charts@6.0.0
82 silly idealTree ├── ng2-django-channels-data-binding@0.1.0
82 silly idealTree ├── ng2-django-channels-demultiplexing@0.1.0
82 silly idealTree └── term@0.0.2
83 silly generateActionsToTake Starting
84 silly install generateActionsToTake
85 warn checkPermissions Missing write access to /home/dpineda/node_modules
86 silly rollbackFailedOptional Starting
87 silly rollbackFailedOptional Finishing
88 silly runTopLevelLifecycles Finishing
89 silly install printInstalled
90 warn enoent ENOENT: no such file or directory, open '/home/dpineda/package.json'
91 verbose enoent ENOENT: no such file or directory, open '/home/dpineda/package.json'
91 verbose enoent This is most likely not a problem with npm itself
91 verbose enoent and is related to npm not being able to find a file.
92 warn ng2-django-channels-data-binding@0.1.0 requires a peer of @angular/core@2.x but none was installed.
93 verbose If you need help, you may report this error at:
93 verbose     <https://github.com/npm/npm/issues>
94 warn ng2-django-channels-demultiplexing@0.1.0 requires a peer of @angular/core@2.x but none was installed.
95 verbose If you need help, you may report this error at:
95 verbose     <https://github.com/npm/npm/issues>
96 warn @swimlane/ngx-charts@6.0.0 requires a peer of @angular/common@^4.2.5 but none was installed.
97 verbose If you need help, you may report this error at:
97 verbose     <https://github.com/npm/npm/issues>
98 warn @swimlane/ngx-charts@6.0.0 requires a peer of @angular/core@^4.2.5 but none was installed.
99 verbose If you need help, you may report this error at:
99 verbose     <https://github.com/npm/npm/issues>
100 warn @swimlane/ngx-charts@6.0.0 requires a peer of d3@^4.9.1 but none was installed.
101 verbose If you need help, you may report this error at:
101 verbose     <https://github.com/npm/npm/issues>
102 warn @swimlane/ngx-charts@6.0.0 requires a peer of rxjs@^5.0.3 but none was installed.
103 verbose If you need help, you may report this error at:
103 verbose     <https://github.com/npm/npm/issues>
104 warn dpineda No description
105 verbose If you need help, you may report this error at:
105 verbose     <https://github.com/npm/npm/issues>
106 warn dpineda No repository field.
107 verbose If you need help, you may report this error at:
107 verbose     <https://github.com/npm/npm/issues>
108 warn dpineda No README data
109 verbose If you need help, you may report this error at:
109 verbose     <https://github.com/npm/npm/issues>
110 warn dpineda No license field.
111 verbose If you need help, you may report this error at:
111 verbose     <https://github.com/npm/npm/issues>
112 verbose stack Error: EACCES: permission denied, access '/home/dpineda/node_modules'
113 verbose cwd /home/dpineda/Proyectos/ng-tree
114 error Linux 3.16.0-4-amd64
115 error argv "/usr/local/bin/node" "/usr/local/bin/npm" "i" "@swimlane/ngx-charts" "--save"
116 error node v7.4.0
117 error npm  v4.0.5
118 error path /home/dpineda/node_modules
119 error code EACCES
120 error errno -13
121 error syscall access
122 error Error: EACCES: permission denied, access '/home/dpineda/node_modules'
122 error  { Error: EACCES: permission denied, access '/home/dpineda/node_modules'
122 error   errno: -13,
122 error   code: 'EACCES',
122 error   syscall: 'access',
122 error   path: '/home/dpineda/node_modules' }
123 error Please try running this command again as root/Administrator.
124 verbose exit [ -13, true ]
